  uic QtWidgetsApplicationGraphicForTheOperator.ui
  rcc QtWidgetsApplicationGraphicForTheOperator.qrc
  moc QtWidgetsApplicationGraphicForTheOperator.h
   RCC: Warning: No resources in 'D:\QtWidgetsApplicationGraphicForTheOperator\QtWidgetsApplicationGraphicForTheOperator\QtWidgetsApplicationGraphicForTheOperator.qrc'.
  GraphicApplication.cpp
  QtWidgetsApplicationGraphicForTheOperator.cpp
  main.cpp
D:\QT\5.8\msvc2015\include\QtCore\qalgorithms.h(593,48): error C3615: Функция constexpr "QAlgorithmsPrivate::qt_builtin_ctz" не может возвращать константное выражение в качестве результата (компилируется исходный файл main.cpp)
D:\QT\5.8\msvc2015\include\QtCore\qalgorithms.h(595,19): message : сбой был вызван объявлением неинициализированной переменной (компилируется исходный файл main.cpp)
D:\QT\5.8\msvc2015\include\QtCore\qalgorithms.h(595,19): message : см. использование "result" (компилируется исходный файл main.cpp)
D:\QT\5.8\msvc2015\include\QtCore\qalgorithms.h(596,20): message : сбой вызван оператором или выражением, которые являются недопустимыми в контексте constexpr (компилируется исходный файл main.cpp)
D:\QT\5.8\msvc2015\include\QtCore\qalgorithms.h(600,48): error C3615: Функция constexpr "QAlgorithmsPrivate::qt_builtin_clz" не может возвращать константное выражение в качестве результата (компилируется исходный файл main.cpp)
D:\QT\5.8\msvc2015\include\QtCore\qalgorithms.h(602,19): message : сбой был вызван объявлением неинициализированной переменной (компилируется исходный файл main.cpp)
D:\QT\5.8\msvc2015\include\QtCore\qalgorithms.h(602,19): message : см. использование "result" (компилируется исходный файл main.cpp)
D:\QT\5.8\msvc2015\include\QtCore\qalgorithms.h(603,20): message : сбой вызван оператором или выражением, которые являются недопустимыми в контексте constexpr (компилируется исходный файл main.cpp)
D:\QT\5.8\msvc2015\include\QtCore\qalgorithms.h(641,39): error C3615: Функция constexpr "QAlgorithmsPrivate::qt_builtin_popcount" не может возвращать константное выражение в качестве результата (компилируется исходный файл main.cpp)
D:\QT\5.8\msvc2015\include\QtCore\qalgorithms.h(643,20): message : сбой вызван оператором или выражением, которые являются недопустимыми в контексте constexpr (компилируется исходный файл main.cpp)
D:\QT\5.8\msvc2015\include\QtCore\qalgorithms.h(645,39): error C3615: Функция constexpr "QAlgorithmsPrivate::qt_builtin_popcount" не может возвращать константное выражение в качестве результата (компилируется исходный файл main.cpp)
D:\QT\5.8\msvc2015\include\QtCore\qalgorithms.h(647,22): message : сбой вызван оператором или выражением, которые являются недопустимыми в контексте constexpr (компилируется исходный файл main.cpp)
D:\QT\5.8\msvc2015\include\QtCore\qalgorithms.h(649,39): error C3615: Функция constexpr "QAlgorithmsPrivate::qt_builtin_popcount" не может возвращать константное выражение в качестве результата (компилируется исходный файл main.cpp)
D:\QT\5.8\msvc2015\include\QtCore\qalgorithms.h(651,22): message : сбой вызван оператором или выражением, которые являются недопустимыми в контексте constexpr (компилируется исходный файл main.cpp)
D:\QT\5.8\msvc2015\include\QtCore\qalgorithms.h(593,48): error C3615: Функция constexpr "QAlgorithmsPrivate::qt_builtin_ctz" не может возвращать константное выражение в качестве результата (компилируется исходный файл QtWidgetsApplicationGraphicForTheOperator.cpp)
D:\QT\5.8\msvc2015\include\QtCore\qalgorithms.h(595,19): message : сбой был вызван объявлением неинициализированной переменной (компилируется исходный файл QtWidgetsApplicationGraphicForTheOperator.cpp)
D:\QT\5.8\msvc2015\include\QtCore\qalgorithms.h(595,19): message : см. использование "result" (компилируется исходный файл QtWidgetsApplicationGraphicForTheOperator.cpp)
D:\QT\5.8\msvc2015\include\QtCore\qalgorithms.h(596,20): message : сбой вызван оператором или выражением, которые являются недопустимыми в контексте constexpr (компилируется исходный файл QtWidgetsApplicationGraphicForTheOperator.cpp)
D:\QT\5.8\msvc2015\include\QtCore\qalgorithms.h(600,48): error C3615: Функция constexpr "QAlgorithmsPrivate::qt_builtin_clz" не может возвращать константное выражение в качестве результата (компилируется исходный файл QtWidgetsApplicationGraphicForTheOperator.cpp)
D:\QT\5.8\msvc2015\include\QtCore\qalgorithms.h(602,19): message : сбой был вызван объявлением неинициализированной переменной (компилируется исходный файл QtWidgetsApplicationGraphicForTheOperator.cpp)
D:\QT\5.8\msvc2015\include\QtCore\qalgorithms.h(602,19): message : см. использование "result" (компилируется исходный файл QtWidgetsApplicationGraphicForTheOperator.cpp)
D:\QT\5.8\msvc2015\include\QtCore\qalgorithms.h(603,20): message : сбой вызван оператором или выражением, которые являются недопустимыми в контексте constexpr (компилируется исходный файл QtWidgetsApplicationGraphicForTheOperator.cpp)
D:\QT\5.8\msvc2015\include\QtCore\qalgorithms.h(641,39): error C3615: Функция constexpr "QAlgorithmsPrivate::qt_builtin_popcount" не может возвращать константное выражение в качестве результата (компилируется исходный файл QtWidgetsApplicationGraphicForTheOperator.cpp)
D:\QT\5.8\msvc2015\include\QtCore\qalgorithms.h(643,20): message : сбой вызван оператором или выражением, которые являются недопустимыми в контексте constexpr (компилируется исходный файл QtWidgetsApplicationGraphicForTheOperator.cpp)
D:\QT\5.8\msvc2015\include\QtCore\qalgorithms.h(645,39): error C3615: Функция constexpr "QAlgorithmsPrivate::qt_builtin_popcount" не может возвращать константное выражение в качестве результата (компилируется исходный файл QtWidgetsApplicationGraphicForTheOperator.cpp)
D:\QT\5.8\msvc2015\include\QtCore\qalgorithms.h(647,22): message : сбой вызван оператором или выражением, которые являются недопустимыми в контексте constexpr (компилируется исходный файл QtWidgetsApplicationGraphicForTheOperator.cpp)
D:\QT\5.8\msvc2015\include\QtCore\qalgorithms.h(649,39): error C3615: Функция constexpr "QAlgorithmsPrivate::qt_builtin_popcount" не может возвращать константное выражение в качестве результата (компилируется исходный файл QtWidgetsApplicationGraphicForTheOperator.cpp)
D:\QT\5.8\msvc2015\include\QtCore\qalgorithms.h(651,22): message : сбой вызван оператором или выражением, которые являются недопустимыми в контексте constexpr (компилируется исходный файл QtWidgetsApplicationGraphicForTheOperator.cpp)
D:\QT\5.8\msvc2015\include\QtCore\qalgorithms.h(593,48): error C3615: Функция constexpr "QAlgorithmsPrivate::qt_builtin_ctz" не может возвращать константное выражение в качестве результата (компилируется исходный файл GraphicApplication.cpp)
D:\QT\5.8\msvc2015\include\QtCore\qalgorithms.h(595,19): message : сбой был вызван объявлением неинициализированной переменной (компилируется исходный файл GraphicApplication.cpp)
D:\QT\5.8\msvc2015\include\QtCore\qalgorithms.h(595,19): message : см. использование "result" (компилируется исходный файл GraphicApplication.cpp)
D:\QT\5.8\msvc2015\include\QtCore\qalgorithms.h(596,20): message : сбой вызван оператором или выражением, которые являются недопустимыми в контексте constexpr (компилируется исходный файл GraphicApplication.cpp)
D:\QT\5.8\msvc2015\include\QtCore\qalgorithms.h(600,48): error C3615: Функция constexpr "QAlgorithmsPrivate::qt_builtin_clz" не может возвращать константное выражение в качестве результата (компилируется исходный файл GraphicApplication.cpp)
D:\QT\5.8\msvc2015\include\QtCore\qalgorithms.h(602,19): message : сбой был вызван объявлением неинициализированной переменной (компилируется исходный файл GraphicApplication.cpp)
D:\QT\5.8\msvc2015\include\QtCore\qalgorithms.h(602,19): message : см. использование "result" (компилируется исходный файл GraphicApplication.cpp)
D:\QT\5.8\msvc2015\include\QtCore\qalgorithms.h(603,20): message : сбой вызван оператором или выражением, которые являются недопустимыми в контексте constexpr (компилируется исходный файл GraphicApplication.cpp)
D:\QT\5.8\msvc2015\include\QtCore\qalgorithms.h(641,39): error C3615: Функция constexpr "QAlgorithmsPrivate::qt_builtin_popcount" не может возвращать константное выражение в качестве результата (компилируется исходный файл GraphicApplication.cpp)
D:\QT\5.8\msvc2015\include\QtCore\qalgorithms.h(643,20): message : сбой вызван оператором или выражением, которые являются недопустимыми в контексте constexpr (компилируется исходный файл GraphicApplication.cpp)
D:\QT\5.8\msvc2015\include\QtCore\qalgorithms.h(645,39): error C3615: Функция constexpr "QAlgorithmsPrivate::qt_builtin_popcount" не может возвращать константное выражение в качестве результата (компилируется исходный файл GraphicApplication.cpp)
D:\QT\5.8\msvc2015\include\QtCore\qalgorithms.h(647,22): message : сбой вызван оператором или выражением, которые являются недопустимыми в контексте constexpr (компилируется исходный файл GraphicApplication.cpp)
D:\QT\5.8\msvc2015\include\QtCore\qalgorithms.h(649,39): error C3615: Функция constexpr "QAlgorithmsPrivate::qt_builtin_popcount" не может возвращать константное выражение в качестве результата (компилируется исходный файл GraphicApplication.cpp)
D:\QT\5.8\msvc2015\include\QtCore\qalgorithms.h(651,22): message : сбой вызван оператором или выражением, которые являются недопустимыми в контексте constexpr (компилируется исходный файл GraphicApplication.cpp)
D:\QtWidgetsApplicationGraphicForTheOperator\QtWidgetsApplicationGraphicForTheOperator\GraphicApplication.cpp(9,10): fatal  error C1083: Не удается открыть файл включение: QTcpSocket: No such file or directory,
